<?xml version="1.0" encoding="UTF-8"?>
<!-- Generated by org.testng.reporters.JUnitReportReporter -->
<testsuite hostname="Dorota" name="test1.NewTest" tests="1" failures="0" timestamp="15 Feb 2016 14:04:31 GMT" time="29.658" errors="0">
  <testcase name="test1" time="29.658" classname="test1.NewTest"/>
</testsuite> <!-- test1.NewTest -->
